{"timestamp":"2026-03-17T04:11:16.446Z","level":"info","message":"System logs cleared","meta":{"userId":1}}
{"timestamp":"2026-03-17T05:02:43.495Z","level":"info","message":"User logged in","meta":{"userId":10,"username":"abedkilany4","role":"artist"}}
{"timestamp":"2026-03-17T05:03:35.115Z","level":"info","message":"User logged in","meta":{"userId":1,"username":"AbedKilany","role":"superadmin"}}
{"timestamp":"2026-03-17T05:03:48.081Z","level":"info","message":"User logged in","meta":{"userId":8,"username":"abedkilany2","role":"artist"}}
{"timestamp":"2026-03-17T05:07:40.258Z","level":"info","message":"User logged in","meta":{"userId":1,"username":"AbedKilany","role":"superadmin"}}
{"timestamp":"2026-03-17T05:08:00.407Z","level":"info","message":"User logged in","meta":{"userId":9,"username":"abedkilany3","role":"trader"}}
{"timestamp":"2026-03-17T05:08:40.156Z","level":"info","message":"User logged in","meta":{"userId":10,"username":"abedkilany4","role":"artist"}}
{"timestamp":"2026-03-17T05:09:01.212Z","level":"info","message":"User logged in","meta":{"userId":11,"username":"abedkilany5","role":"artist"}}
{"timestamp":"2026-03-17T05:09:15.454Z","level":"info","message":"User logged in","meta":{"userId":12,"username":"abedkilany6","role":"trader"}}
{"timestamp":"2026-03-17T09:26:49.897Z","level":"info","message":"Pi login request received","meta":{"intendedRole":"trader","origin":"https://answering-membrane-declined-delivers.trycloudflare.com","referer":"https://answering-membrane-declined-delivers.trycloudflare.com/login","forwardedProto":"https","forwardedHost":"answering-membrane-declined-delivers.trycloudflare.com"}}
{"timestamp":"2026-03-17T09:26:50.633Z","level":"info","message":"Pi user account created","meta":{"userId":16,"role":"trader","piUid":"b5452e83-4926-44fb-ab3f-bf5f3078f86e","piUsername":"abedkilany"}}
{"timestamp":"2026-03-17T09:26:50.639Z","level":"info","message":"Pi session cookie prepared","meta":{"userId":16,"secureCookie":true,"sameSite":"none","origin":"https://answering-membrane-declined-delivers.trycloudflare.com","forwardedProto":"https"}}
{"timestamp":"2026-03-17T09:29:13.585Z","level":"info","message":"Pi login request received","meta":{"intendedRole":"trader","origin":"http://localhost:3000","referer":"http://localhost:3000/login","forwardedProto":"http","forwardedHost":"localhost:3000"}}
{"timestamp":"2026-03-17T09:29:15.127Z","level":"info","message":"Pi user logged in","meta":{"userId":16,"role":"trader","piUid":"b5452e83-4926-44fb-ab3f-bf5f3078f86e","piUsername":"abedkilany"}}
{"timestamp":"2026-03-17T09:29:15.132Z","level":"info","message":"Pi session cookie prepared","meta":{"userId":16,"secureCookie":false,"sameSite":"lax","origin":"http://localhost:3000","forwardedProto":"http"}}
{"timestamp":"2026-03-17T09:29:26.411Z","level":"info","message":"Pi login request received","meta":{"intendedRole":"artist","origin":"http://localhost:3000","referer":"http://localhost:3000/login","forwardedProto":"http","forwardedHost":"localhost:3000"}}
{"timestamp":"2026-03-17T09:29:26.974Z","level":"info","message":"Pi user logged in","meta":{"userId":16,"role":"trader","piUid":"b5452e83-4926-44fb-ab3f-bf5f3078f86e","piUsername":"abedkilany"}}
{"timestamp":"2026-03-17T09:29:26.975Z","level":"info","message":"Pi session cookie prepared","meta":{"userId":16,"secureCookie":false,"sameSite":"lax","origin":"http://localhost:3000","forwardedProto":"http"}}
{"timestamp":"2026-03-17T09:29:58.421Z","level":"info","message":"Pi login request received","meta":{"intendedRole":"trader","origin":"http://localhost:3000","referer":"http://localhost:3000/login","forwardedProto":"http","forwardedHost":"localhost:3000"}}
{"timestamp":"2026-03-17T09:29:59.104Z","level":"info","message":"Pi user account created","meta":{"userId":17,"role":"trader","piUid":"b5452e83-4926-44fb-ab3f-bf5f3078f86e","piUsername":"abedkilany"}}
{"timestamp":"2026-03-17T09:29:59.105Z","level":"info","message":"Pi session cookie prepared","meta":{"userId":17,"secureCookie":false,"sameSite":"lax","origin":"http://localhost:3000","forwardedProto":"http"}}
{"timestamp":"2026-03-17T09:38:55.413Z","level":"info","message":"Pi login request received","meta":{"intendedRole":"trader","origin":"http://localhost:3000","referer":"http://localhost:3000/login","forwardedProto":"http","forwardedHost":"localhost:3000"}}
{"timestamp":"2026-03-17T09:38:55.994Z","level":"info","message":"Pi user account created","meta":{"userId":18,"role":"trader","piUid":"b5452e83-4926-44fb-ab3f-bf5f3078f86e","piUsername":"abedkilany"}}
{"timestamp":"2026-03-17T09:38:55.995Z","level":"info","message":"Pi session cookie prepared","meta":{"userId":18,"secureCookie":false,"sameSite":"lax","origin":"http://localhost:3000","forwardedProto":"http"}}
{"timestamp":"2026-03-17T09:56:49.183Z","level":"info","message":"Pi login request received","meta":{"intendedRole":"trader","origin":"https://localhost:3000","referer":"https://localhost:3000/login","forwardedProto":"https","forwardedHost":"localhost:3000"}}
{"timestamp":"2026-03-17T09:56:49.753Z","level":"info","message":"Pi user logged in","meta":{"userId":18,"role":"trader","piUid":"b5452e83-4926-44fb-ab3f-bf5f3078f86e","piUsername":"abedkilany"}}
{"timestamp":"2026-03-17T09:56:49.759Z","level":"info","message":"Pi session cookie prepared","meta":{"userId":18,"secureCookie":true,"sameSite":"none","origin":"https://localhost:3000","forwardedProto":"https"}}
{"timestamp":"2026-03-17T09:58:44.327Z","level":"info","message":"Pi login request received","meta":{"intendedRole":"trader","origin":"https://localhost:3000","referer":"https://localhost:3000/login","forwardedProto":"https","forwardedHost":"localhost:3000"}}
{"timestamp":"2026-03-17T09:58:44.734Z","level":"info","message":"Pi user logged in","meta":{"userId":18,"role":"superadmin","piUid":"b5452e83-4926-44fb-ab3f-bf5f3078f86e","piUsername":"abedkilany"}}
{"timestamp":"2026-03-17T09:58:44.737Z","level":"info","message":"Pi session cookie prepared","meta":{"userId":18,"secureCookie":true,"sameSite":"none","origin":"https://localhost:3000","forwardedProto":"https"}}
{"timestamp":"2026-03-17T10:47:23.176Z","level":"info","message":"Pi login request received","meta":{"origin":"https://localhost:3000","referer":"https://localhost:3000/login","forwardedProto":"https","forwardedHost":"localhost:3000"}}
{"timestamp":"2026-03-17T10:47:23.863Z","level":"info","message":"Pi user account created","meta":{"userId":20,"role":"artist_or_trader","piUid":"b5452e83-4926-44fb-ab3f-bf5f3078f86e","piUsername":"abedkilany"}}
{"timestamp":"2026-03-17T10:47:23.868Z","level":"info","message":"Pi session cookie prepared","meta":{"userId":20,"secureCookie":true,"sameSite":"none","origin":"https://localhost:3000","forwardedProto":"https"}}
{"timestamp":"2026-03-17T10:50:47.966Z","level":"info","message":"Pi login request received","meta":{"origin":"https://localhost:3000","referer":"https://localhost:3000/login","forwardedProto":"https","forwardedHost":"localhost:3000"}}
{"timestamp":"2026-03-17T10:50:48.498Z","level":"info","message":"Pi user logged in","meta":{"userId":1,"role":"superadmin","piUid":"b5452e83-4926-44fb-ab3f-bf5f3078f86e","piUsername":"abedkilany"}}
{"timestamp":"2026-03-17T10:50:48.500Z","level":"info","message":"Pi session cookie prepared","meta":{"userId":1,"secureCookie":true,"sameSite":"none","origin":"https://localhost:3000","forwardedProto":"https"}}
{"timestamp":"2026-03-17T10:52:54.575Z","level":"info","message":"Artwork created","meta":{"artworkId":14,"userId":1,"status":"DRAFT","basePrice":100,"discountPercent":0,"finalPrice":100}}
{"timestamp":"2026-03-17T10:53:10.452Z","level":"info","message":"Artwork owner status changed","meta":{"artworkId":14,"userId":1,"from":"DRAFT","to":"PENDING"}}
{"timestamp":"2026-03-17T10:53:30.682Z","level":"info","message":"Artwork status updated","meta":{"artworkId":14,"newStatus":"PUBLIC_REVIEW","adminUserId":1}}
{"timestamp":"2026-03-17T10:53:42.443Z","level":"info","message":"Artwork rated successfully","meta":{"artworkId":14,"userId":1,"value":4,"averageRating":4,"ratingsCount":1,"premiumScore":12}}
{"timestamp":"2026-03-17T10:54:02.323Z","level":"info","message":"Artwork comment created","meta":{"artworkId":14,"userId":1,"commentId":10,"scoreImpact":4}}
{"timestamp":"2026-03-17T10:54:31.223Z","level":"info","message":"Artwork minted and published","meta":{"artworkId":14,"userId":1}}
{"timestamp":"2026-03-17T10:54:38.496Z","level":"info","message":"Artwork reaction updated","meta":{"artworkId":14,"userId":1,"currentReaction":"LIKE","likesCount":1,"dislikesCount":0,"premiumScore":17,"nextStatus":"PREMIUM"}}
{"timestamp":"2026-03-17T10:58:59.137Z","level":"info","message":"Pi login request received","meta":{"origin":"https://localhost:3000","referer":"https://localhost:3000/login","forwardedProto":"https","forwardedHost":"localhost:3000"}}
{"timestamp":"2026-03-17T10:58:59.946Z","level":"info","message":"Pi user account created","meta":{"userId":21,"role":"artist_or_trader","piUid":"1c020d96-c2e5-4005-899b-1d5f901a2d5e","piUsername":"Nathalietorfeh"}}
{"timestamp":"2026-03-17T10:58:59.957Z","level":"info","message":"Pi session cookie prepared","meta":{"userId":21,"secureCookie":true,"sameSite":"none","origin":"https://localhost:3000","forwardedProto":"https"}}
{"timestamp":"2026-03-17T11:08:27.874Z","level":"info","message":"Pi login request received","meta":{"origin":"https://localhost:3000","referer":"https://localhost:3000/login","forwardedProto":"https","forwardedHost":"localhost:3000"}}
{"timestamp":"2026-03-17T11:08:28.796Z","level":"info","message":"Pi user logged in","meta":{"userId":1,"role":"superadmin","piUid":"b5452e83-4926-44fb-ab3f-bf5f3078f86e","piUsername":"abedkilany"}}
{"timestamp":"2026-03-17T11:08:28.797Z","level":"info","message":"Pi session cookie prepared","meta":{"userId":1,"secureCookie":true,"sameSite":"none","origin":"https://localhost:3000","forwardedProto":"https"}}
{"timestamp":"2026-03-17T11:08:49.588Z","level":"info","message":"Pi login request received","meta":{"origin":"https://localhost:3000","referer":"https://localhost:3000/login","forwardedProto":"https","forwardedHost":"localhost:3000"}}
{"timestamp":"2026-03-17T11:08:50.160Z","level":"info","message":"Pi user account created","meta":{"userId":22,"role":"artist_or_trader","piUid":"1c020d96-c2e5-4005-899b-1d5f901a2d5e","piUsername":"Nathalietorfeh"}}
{"timestamp":"2026-03-17T11:08:50.162Z","level":"info","message":"Pi session cookie prepared","meta":{"userId":22,"secureCookie":true,"sameSite":"none","origin":"https://localhost:3000","forwardedProto":"https"}}
{"timestamp":"2026-03-17T11:10:34.236Z","level":"info","message":"Artwork created","meta":{"artworkId":15,"userId":22,"status":"PENDING","basePrice":1000,"discountPercent":0,"finalPrice":1000}}
{"timestamp":"2026-03-17T11:11:20.140Z","level":"info","message":"Artwork status updated","meta":{"artworkId":15,"newStatus":"PUBLIC_REVIEW","adminUserId":1}}
{"timestamp":"2026-03-17T11:11:30.155Z","level":"info","message":"Artwork minted and published","meta":{"artworkId":15,"userId":22}}
{"timestamp":"2026-03-17T11:11:33.392Z","level":"info","message":"Artwork reaction updated","meta":{"artworkId":15,"userId":22,"currentReaction":"LIKE","likesCount":1,"dislikesCount":0,"premiumScore":1,"nextStatus":"PUBLISHED"}}
{"timestamp":"2026-03-17T11:15:09.437Z","level":"info","message":"Pi login request received","meta":{"origin":"https://localhost:3000","referer":"https://localhost:3000/login","forwardedProto":"https","forwardedHost":"localhost:3000"}}
{"timestamp":"2026-03-17T11:15:10.089Z","level":"info","message":"Pi user account created","meta":{"userId":23,"role":"artist_or_trader","piUid":"b5452e83-4926-44fb-ab3f-bf5f3078f86e","piUsername":"abedkilany"}}
{"timestamp":"2026-03-17T11:15:10.092Z","level":"info","message":"Pi session cookie prepared","meta":{"userId":23,"secureCookie":true,"sameSite":"none","origin":"https://localhost:3000","forwardedProto":"https"}}
{"timestamp":"2026-03-17T11:15:31.438Z","level":"info","message":"Pi login request received","meta":{"origin":"https://localhost:3000","referer":"https://localhost:3000/login","forwardedProto":"https","forwardedHost":"localhost:3000"}}
{"timestamp":"2026-03-17T11:15:31.844Z","level":"info","message":"Pi user account created","meta":{"userId":24,"role":"artist_or_trader","piUid":"1c020d96-c2e5-4005-899b-1d5f901a2d5e","piUsername":"Nathalietorfeh"}}
{"timestamp":"2026-03-17T11:15:31.846Z","level":"info","message":"Pi session cookie prepared","meta":{"userId":24,"secureCookie":true,"sameSite":"none","origin":"https://localhost:3000","forwardedProto":"https"}}
{"timestamp":"2026-03-17T11:16:10.284Z","level":"info","message":"Pi login request received","meta":{"origin":"https://localhost:3000","referer":"https://localhost:3000/login","forwardedProto":"https","forwardedHost":"localhost:3000"}}
{"timestamp":"2026-03-17T11:16:14.131Z","level":"info","message":"Pi user logged in","meta":{"userId":23,"role":"superadmin","piUid":"b5452e83-4926-44fb-ab3f-bf5f3078f86e","piUsername":"abedkilany"}}
{"timestamp":"2026-03-17T11:16:14.134Z","level":"info","message":"Pi session cookie prepared","meta":{"userId":23,"secureCookie":true,"sameSite":"none","origin":"https://localhost:3000","forwardedProto":"https"}}
{"timestamp":"2026-03-17T11:17:19.962Z","level":"info","message":"Artwork created","meta":{"artworkId":16,"userId":24,"status":"PENDING","basePrice":1111,"discountPercent":0,"finalPrice":1111}}
{"timestamp":"2026-03-17T11:17:47.274Z","level":"info","message":"Artwork status updated","meta":{"artworkId":16,"newStatus":"PUBLIC_REVIEW","adminUserId":23}}
{"timestamp":"2026-03-17T11:17:59.024Z","level":"info","message":"Artwork minted and published","meta":{"artworkId":16,"userId":24}}
{"timestamp":"2026-03-17T11:26:14.556Z","level":"info","message":"Pi login request received","meta":{"origin":"https://localhost:3000","referer":"https://localhost:3000/login","forwardedProto":"https","forwardedHost":"localhost:3000"}}
{"timestamp":"2026-03-17T11:26:14.998Z","level":"info","message":"Pi user account created","meta":{"userId":25,"role":"artist_or_trader","piUid":"b5452e83-4926-44fb-ab3f-bf5f3078f86e","piUsername":"abedkilany"}}
{"timestamp":"2026-03-17T11:26:15.003Z","level":"info","message":"Pi session cookie prepared","meta":{"userId":25,"secureCookie":true,"sameSite":"none","origin":"https://localhost:3000","forwardedProto":"https"}}
{"timestamp":"2026-03-17T11:26:44.634Z","level":"info","message":"Pi login request received","meta":{"origin":"https://localhost:3000","referer":"https://localhost:3000/login","forwardedProto":"https","forwardedHost":"localhost:3000"}}
{"timestamp":"2026-03-17T11:26:45.140Z","level":"info","message":"Pi user account created","meta":{"userId":26,"role":"artist_or_trader","piUid":"1c020d96-c2e5-4005-899b-1d5f901a2d5e","piUsername":"Nathalietorfeh"}}
{"timestamp":"2026-03-17T11:26:45.141Z","level":"info","message":"Pi session cookie prepared","meta":{"userId":26,"secureCookie":true,"sameSite":"none","origin":"https://localhost:3000","forwardedProto":"https"}}
{"timestamp":"2026-03-17T11:27:45.129Z","level":"info","message":"Artwork created","meta":{"artworkId":17,"userId":26,"status":"PENDING","basePrice":111,"discountPercent":0,"finalPrice":111}}
{"timestamp":"2026-03-17T11:29:19.373Z","level":"info","message":"Pi login request received","meta":{"origin":"https://localhost:3000","referer":"https://localhost:3000/login","forwardedProto":"https","forwardedHost":"localhost:3000"}}
{"timestamp":"2026-03-17T11:29:22.706Z","level":"info","message":"Pi user logged in","meta":{"userId":25,"role":"superadmin","piUid":"b5452e83-4926-44fb-ab3f-bf5f3078f86e","piUsername":"abedkilany"}}
{"timestamp":"2026-03-17T11:29:22.709Z","level":"info","message":"Pi session cookie prepared","meta":{"userId":25,"secureCookie":true,"sameSite":"none","origin":"https://localhost:3000","forwardedProto":"https"}}
{"timestamp":"2026-03-17T11:29:31.336Z","level":"info","message":"Artwork status updated","meta":{"artworkId":17,"newStatus":"PUBLIC_REVIEW","adminUserId":25}}
{"timestamp":"2026-03-17T11:29:47.617Z","level":"info","message":"Artwork minted and published","meta":{"artworkId":17,"userId":26}}
{"timestamp":"2026-03-17T11:45:30.665Z","level":"info","message":"Pi payment approved","meta":{"paymentId":"ftJ7cYHeSKrFB4PdjBGPEJrgKZNj","artworkId":17,"buyerUserId":25,"network":"Pi Testnet"}}
{"timestamp":"2026-03-17T11:49:02.395Z","level":"info","message":"Pi payment approved","meta":{"paymentId":"HhShZJeV8RMNpPm57egRXLPcW7SH","artworkId":17,"buyerUserId":25,"network":"Pi Testnet"}}
{"timestamp":"2026-03-17T11:50:46.284Z","level":"info","message":"Pi payment approved","meta":{"paymentId":"FtrMXDRwWLAs4cfGh760NrulFihj","artworkId":17,"buyerUserId":25,"network":"Pi Testnet"}}
{"timestamp":"2026-03-17T11:51:10.407Z","level":"info","message":"Pi login request received","meta":{"origin":"https://localhost:3000","referer":"https://localhost:3000/login","forwardedProto":"https","forwardedHost":"localhost:3000"}}
{"timestamp":"2026-03-17T11:51:10.878Z","level":"info","message":"Pi user logged in","meta":{"userId":25,"role":"superadmin","piUid":"b5452e83-4926-44fb-ab3f-bf5f3078f86e","piUsername":"abedkilany"}}
{"timestamp":"2026-03-17T11:51:10.880Z","level":"info","message":"Pi session cookie prepared","meta":{"userId":25,"secureCookie":true,"sameSite":"none","origin":"https://localhost:3000","forwardedProto":"https"}}
{"timestamp":"2026-03-17T11:51:24.273Z","level":"info","message":"Pi payment approved","meta":{"paymentId":"S8RoJsRVF1olHrYBMZGJUk1OzASv","artworkId":17,"buyerUserId":25,"network":"Pi Testnet"}}
{"timestamp":"2026-03-17T11:53:09.853Z","level":"info","message":"Pi login request received","meta":{"origin":"https://localhost:3000","referer":"https://localhost:3000/login","forwardedProto":"https","forwardedHost":"localhost:3000"}}
{"timestamp":"2026-03-17T11:53:10.283Z","level":"info","message":"Pi user logged in","meta":{"userId":25,"role":"superadmin","piUid":"b5452e83-4926-44fb-ab3f-bf5f3078f86e","piUsername":"abedkilany"}}
{"timestamp":"2026-03-17T11:53:10.286Z","level":"info","message":"Pi session cookie prepared","meta":{"userId":25,"secureCookie":true,"sameSite":"none","origin":"https://localhost:3000","forwardedProto":"https"}}
{"timestamp":"2026-03-17T11:53:19.490Z","level":"info","message":"Pi payment approved","meta":{"paymentId":"XWDeUib6nczzwD6Cpb6HR6SjdewP","artworkId":17,"buyerUserId":25,"network":"Pi Testnet"}}
{"timestamp":"2026-03-17T11:53:53.691Z","level":"info","message":"Pi payment approved","meta":{"paymentId":"uR6IxsWVHb1U8lo1e62WgcC5mRlh","artworkId":17,"buyerUserId":25,"network":"Pi Testnet"}}
{"timestamp":"2026-03-17T11:56:22.986Z","level":"info","message":"Artwork pricing updated by owner","meta":{"artworkId":17,"userId":26,"basePrice":111,"discountPercent":49.99,"finalPrice":55.51}}
{"timestamp":"2026-03-17T11:56:36.315Z","level":"info","message":"Pi payment approved","meta":{"paymentId":"z1yj4bWHsZsoyoyetPV7AAL4E2xM","artworkId":17,"buyerUserId":25,"network":"Pi Testnet"}}
{"timestamp":"2026-03-17T11:56:52.675Z","level":"info","message":"Pi payment completed","meta":{"paymentId":"z1yj4bWHsZsoyoyetPV7AAL4E2xM","txid":"fe5931d76bcbe53b49d558c33fa3417598f11232e1aaa7d2e09029af101dadc5","artworkId":17,"buyerUserId":25,"network":"Pi Testnet","completed":true}}
